<?xml version="1.0" encoding="UTF-8"?>
<testng-results ignored="0" total="1" passed="1" failed="0" skipped="0">
  <reporter-output>
  </reporter-output>
  <suite started-at="2024-12-24T16:07:47 IST" name="Suite" finished-at="2024-12-24T16:08:54 IST" duration-ms="67531">
    <groups>
    </groups>
    <test started-at="2024-12-24T16:07:47 IST" name="Test" finished-at="2024-12-24T16:08:54 IST" duration-ms="67531">
      <class name="tg.NewTest">
        <test-method is-config="true" signature="beforeTest()[pri:0, instance:tg.NewTest@56113384]" started-at="2024-12-24T16:07:47 IST" name="beforeTest" finished-at="2024-12-24T16:08:49 IST" duration-ms="62485" status="PASS">
          <reporter-output>
          </reporter-output>
        </test-method> <!-- beforeTest -->
        <test-method signature="f(java.lang.String,java.lang.String)[pri:0, instance:tg.NewTest@56113384]" started-at="2024-12-24T16:08:49 IST" name="f" finished-at="2024-12-24T16:08:52 IST" duration-ms="2711" status="PASS">
          <params>
            <param index="0">
              <value>
                <![CDATA[student]]>
              </value>
            </param>
            <param index="1">
              <value>
                <![CDATA[Password123]]>
              </value>
            </param>
          </params>
          <reporter-output>
          </reporter-output>
        </test-method> <!-- f -->
        <test-method is-config="true" signature="afterTest()[pri:0, instance:tg.NewTest@56113384]" started-at="2024-12-24T16:08:52 IST" name="afterTest" finished-at="2024-12-24T16:08:54 IST" duration-ms="2260" status="PASS">
          <reporter-output>
          </reporter-output>
        </test-method> <!-- afterTest -->
      </class> <!-- tg.NewTest -->
    </test> <!-- Test -->
  </suite> <!-- Suite -->
</testng-results>
