<?xml version="1.0" encoding="UTF-8"?>
<!-- Generated by org.testng.reporters.JUnitXMLReporter -->
<testsuite ignored="0" hostname="LAPTOP-13NVK0QI" failures="0" tests="4" name="Default test" time="3.13" errors="0" timestamp="2024-12-24T15:00:41 IST">
  <testcase classname="src.tg.NewTest3" name="f" time="0.011"/>
  <testcase classname="src.tg.NewTest3" name="afterTest" time="0.201"/>
  <testcase classname="src.tg.NewTest3" name="Password" time="0.134"/>
  <testcase classname="src.tg.NewTest3" name="Login" time="0.297"/>
</testsuite> <!-- Default test -->
